0 info it worked if it ends with ok
1 verbose cli [ 'D:\\node\\node.exe',
1 verbose cli   'D:\\node\\node_modules\\npm\\bin\\npm-cli.js',
1 verbose cli   'run',
1 verbose cli   'test' ]
2 info using npm@3.10.10
3 info using node@v6.10.2
4 verbose run-script [ 'pretest', 'test', 'posttest' ]
5 info lifecycle mopon@1.0.0~pretest: mopon@1.0.0
6 silly lifecycle mopon@1.0.0~pretest: no script for pretest, continuing
7 info lifecycle mopon@1.0.0~test: mopon@1.0.0
8 verbose lifecycle mopon@1.0.0~test: unsafe-perm in lifecycle true
9 verbose lifecycle mopon@1.0.0~test: PATH: D:\node\node_modules\npm\bin\node-gyp-bin;D:\wwwroot\myTest\webpack\node_modules\.bin;C:\Program Files (x86)\Intel\iCLS Client\;C:\Program Files\Intel\iCLS Client\;C:\Windows\system32;C:\Windows;C:\Windows\System32\Wbem;C:\Windows\System32\WindowsPowerShell\v1.0\;C:\Program Files (x86)\Intel\Intel(R) Management Engine Components\DAL;C:\Program Files\Intel\Intel(R) Management Engine Components\DAL;C:\Program Files (x86)\Intel\Intel(R) Management Engine Components\IPT;C:\Program Files\Intel\Intel(R) Management Engine Components\IPT;C:\Program Files\TortoiseSVN\bin;C:\Users\lenovo\AppData\Local\Programs\Python\Python35-32;D:\Git\cmd;D:\node\;C:\Ruby22\bin;C:\Users\lenovo\AppData\Local\Programs\Python\Python35-32\Scripts\;C:\Users\lenovo\AppData\Local\Programs\Python\Python35-32\;C:\Users\lenovo\AppData\Roaming\npm
10 verbose lifecycle mopon@1.0.0~test: CWD: D:\wwwroot\myTest\webpack
11 silly lifecycle mopon@1.0.0~test: Args: [ '/d /s /c', 'echo "Error: no test specified" && exit 1' ]
12 silly lifecycle mopon@1.0.0~test: Returned: code: 1  signal: null
13 info lifecycle mopon@1.0.0~test: Failed to exec test script
14 verbose stack Error: mopon@1.0.0 test: `echo "Error: no test specified" && exit 1`
14 verbose stack Exit status 1
14 verbose stack     at EventEmitter.<anonymous> (D:\node\node_modules\npm\lib\utils\lifecycle.js:255:16)
14 verbose stack     at emitTwo (events.js:106:13)
14 verbose stack     at EventEmitter.emit (events.js:191:7)
14 verbose stack     at ChildProcess.<anonymous> (D:\node\node_modules\npm\lib\utils\spawn.js:40:14)
14 verbose stack     at emitTwo (events.js:106:13)
14 verbose stack     at ChildProcess.emit (events.js:191:7)
14 verbose stack     at maybeClose (internal/child_process.js:886:16)
14 verbose stack     at Process.ChildProcess._handle.onexit (internal/child_process.js:226:5)
15 verbose pkgid mopon@1.0.0
16 verbose cwd D:\wwwroot\myTest\webpack
17 error Windows_NT 6.1.7601
18 error argv "D:\\node\\node.exe" "D:\\node\\node_modules\\npm\\bin\\npm-cli.js" "run" "test"
19 error node v6.10.2
20 error npm  v3.10.10
21 error code ELIFECYCLE
22 error mopon@1.0.0 test: `echo "Error: no test specified" && exit 1`
22 error Exit status 1
23 error Failed at the mopon@1.0.0 test script 'echo "Error: no test specified" && exit 1'.
23 error Make sure you have the latest version of node.js and npm installed.
23 error If you do, this is most likely a problem with the mopon package,
23 error not with npm itself.
23 error Tell the author that this fails on your system:
23 error     echo "Error: no test specified" && exit 1
23 error You can get information on how to open an issue for this project with:
23 error     npm bugs mopon
23 error Or if that isn't available, you can get their info via:
23 error     npm owner ls mopon
23 error There is likely additional logging output above.
24 verbose exit [ 1, true ]
